<?xml version="1.0" encoding="UTF-8"?>
<testsuite name="com.thamis.lab.core.common.result.LabResultTest" tests="2" skipped="0" failures="0" errors="0" timestamp="2026-08-01T14:14:20.417Z" hostname="DESKTOP-A234HEL" time="0.009">
  <properties/>
  <testcase name="testSuccessResult" classname="com.thamis.lab.core.common.result.LabResultTest" time="0.003"/>
  <testcase name="testFailureResult" classname="com.thamis.lab.core.common.result.LabResultTest" time="0.002"/>
  <system-out><![CDATA[]]></system-out>
  <system-err><![CDATA[]]></system-err>
</testsuite>
