<?xml version="1.0" encoding="UTF-8"?>
<testsuite name="com.thamis.lab.evidence.MasterQualityIndexTest" tests="1" skipped="0" failures="0" errors="0" timestamp="2026-08-01T19:21:10.833Z" hostname="DESKTOP-A234HEL" time="0.002">
  <properties/>
  <testcase name="testMasterQualityIndexCalculator" classname="com.thamis.lab.evidence.MasterQualityIndexTest" time="0.002"/>
  <system-out><![CDATA[[INFO] [MasterQualityIndexCalculator] Calculating Master Engineering Quality Index...
]]></system-out>
  <system-err><![CDATA[]]></system-err>
</testsuite>
