<?xml version="1.0" encoding="UTF-8"?>
<testsuite name="com.thamis.lab.evidence.ExcellenceTest" tests="1" skipped="0" failures="0" errors="0" timestamp="2026-08-01T19:21:10.816Z" hostname="DESKTOP-A234HEL" time="0.011">
  <properties/>
  <testcase name="testEngineeringExcellenceScoreCalculator" classname="com.thamis.lab.evidence.ExcellenceTest" time="0.01"/>
  <system-out><![CDATA[[INFO] [EngineeringExcellenceScoreCalculator] Calculating Engineering Excellence Score for THAMIS LAB OS...
]]></system-out>
  <system-err><![CDATA[]]></system-err>
</testsuite>
