<?xml version="1.0" encoding="UTF-8"?>
<testsuite name="com.thamis.lab.evidence.EvidenceTest" tests="3" skipped="0" failures="0" errors="0" timestamp="2026-08-01T19:21:10.741Z" hostname="DESKTOP-A234HEL" time="0.072">
  <properties/>
  <testcase name="testCertificationEngineEvaluation" classname="com.thamis.lab.evidence.EvidenceTest" time="0.028"/>
  <testcase name="testEvidenceReportExporter" classname="com.thamis.lab.evidence.EvidenceTest" time="0.037"/>
  <testcase name="testEvidenceArchivingAndTraceability" classname="com.thamis.lab.evidence.EvidenceTest" time="0.002"/>
  <system-out><![CDATA[]]></system-out>
  <system-err><![CDATA[]]></system-err>
</testsuite>
