<?xml version="1.0" encoding="UTF-8"?>
<testsuite name="com.thamis.lab.evidence.ExporterTest" tests="1" skipped="0" failures="0" errors="0" timestamp="2026-08-01T19:21:10.829Z" hostname="DESKTOP-A234HEL" time="0.002">
  <properties/>
  <testcase name="testComprehensiveReportExporter" classname="com.thamis.lab.evidence.ExporterTest" time="0.002"/>
  <system-out><![CDATA[[INFO] [ComprehensiveReportExporter] Exporting comprehensive report 'Executive Summary' into Markdown, HTML, and JSON...
]]></system-out>
  <system-err><![CDATA[]]></system-err>
</testsuite>
