<?xml version="1.0" encoding="UTF-8"?>
<testsuite name="com.thamis.lab.performance.FarmAndEnvironmentTest" tests="2" skipped="0" failures="0" errors="0" timestamp="2026-08-01T19:08:54.897Z" hostname="DESKTOP-A234HEL" time="0.031">
  <properties/>
  <testcase name="testEmulatorFactory" classname="com.thamis.lab.performance.FarmAndEnvironmentTest" time="0.01"/>
  <testcase name="testMultiDeviceFarmPoolAndAdvancedAdb" classname="com.thamis.lab.performance.FarmAndEnvironmentTest" time="0.021"/>
  <system-out><![CDATA[[INFO] [EmulatorFactory] Provisioning Emulator instance '5556' for Samsung Galaxy S24 (API 34)...
[INFO] [MultiDeviceFarmPool] Registered device in Farm Pool: TKDMZPZDZ5MR8XNV (Redmi 2409BRN2CA (USB))
[INFO] [MultiDeviceFarmPool] Reserved device TKDMZPZDZ5MR8XNV for execution (Reservation: res-1785611334911)
[ERROR] [RealAdbTelemetryCollector] Failed to execute shell command 'pm grant com.uriel.logpose android.permission.RECORD_AUDIO' on TKDMZPZDZ5MR8XNV Cannot run program "adb": CreateProcess error=2, El sistema no puede encontrar el archivo especificado
]]></system-out>
  <system-err><![CDATA[]]></system-err>
</testsuite>
