<?xml version="1.0" encoding="UTF-8"?>
<testsuite name="com.thamis.lab.performance.LogposeControllerTest" tests="1" skipped="0" failures="0" errors="0" timestamp="2026-08-01T19:08:54.931Z" hostname="DESKTOP-A234HEL" time="0.058">
  <properties/>
  <testcase name="testRealLogposeControllerMethods" classname="com.thamis.lab.performance.LogposeControllerTest" time="0.058"/>
  <system-out><![CDATA[[ERROR] [RealLogposeController] Failed shell command 'pm list packages com.uriel.logpose' on emulator-5554 Cannot run program "adb": CreateProcess error=2, El sistema no puede encontrar el archivo especificado
[ERROR] [RealLogposeController] Failed shell command 'pidof com.uriel.logpose' on emulator-5554 Cannot run program "adb": CreateProcess error=2, El sistema no puede encontrar el archivo especificado
[ERROR] [RealLogposeController] Failed shell command 'dumpsys package com.uriel.logpose' on emulator-5554 Cannot run program "adb": CreateProcess error=2, El sistema no puede encontrar el archivo especificado
[ERROR] [RealLogposeController] Failed shell command 'dumpsys package com.uriel.logpose' on emulator-5554 Cannot run program "adb": CreateProcess error=2, El sistema no puede encontrar el archivo especificado
[ERROR] [RealLogposeController] Failed shell command 'dumpsys package com.uriel.logpose' on emulator-5554 Cannot run program "adb": CreateProcess error=2, El sistema no puede encontrar el archivo especificado
[INFO] [RealLogposeController] Launching LogPose on emulator-5554...
[ERROR] [RealLogposeController] Failed shell command 'am start -n com.uriel.logpose/.MainActivity' on emulator-5554 Cannot run program "adb": CreateProcess error=2, El sistema no puede encontrar el archivo especificado
[INFO] [RealLogposeController] Force stopping LogPose on emulator-5554...
[ERROR] [RealLogposeController] Failed shell command 'am force-stop com.uriel.logpose' on emulator-5554 Cannot run program "adb": CreateProcess error=2, El sistema no puede encontrar el archivo especificado
]]></system-out>
  <system-err><![CDATA[]]></system-err>
</testsuite>
