<?xml version="1.0" encoding="UTF-8"?>
<testsuite name="com.thamis.lab.performance.AdbDiscoveryTest" tests="1" skipped="0" failures="0" errors="0" timestamp="2026-08-01T19:08:54.826Z" hostname="DESKTOP-A234HEL" time="0.067">
  <properties/>
  <testcase name="testRealUserAdbDevicesLOutputParsing" classname="com.thamis.lab.performance.AdbDiscoveryTest" time="0.06"/>
  <system-out><![CDATA[[DEBUG] [AdbManager] Parsing ADB output:
List of devices attached
TKDMZPZDZ5MR8XNV device product:pond_global model:2409BRN2CA device:pond transport_id:3
adb-TKDMZPZDZ5MR8XNV-T8B1CJ._adb-tls-connect._tcp device product:pond_global model:2409BRN2CA device:pond transport_id:4
[INFO] [AdbManager] Discovered device: id=TKDMZPZDZ5MR8XNV, displayName='2409BRN2CA (USB)', type=USB, state=ONLINE
[INFO] [AdbManager] Discovered device: id=adb-TKDMZPZDZ5MR8XNV-T8B1CJ._adb-tls-connect._tcp, displayName='2409BRN2CA (WiFi)', type=WIFI, state=ONLINE
[INFO] [AdbManager] Total ADB devices discovered: 2
[INFO] [AdbManager] Executing targeted command: adb -s adb-TKDMZPZDZ5MR8XNV-T8B1CJ._adb-tls-connect._tcp shell getprop ro.build.version.release
]]></system-out>
  <system-err><![CDATA[]]></system-err>
</testsuite>
