<?xml version="1.0" encoding="UTF-8"?>
<testsuite name="com.thamis.lab.performance.PerformanceFarmTest" tests="4" skipped="0" failures="0" errors="0" timestamp="2026-08-01T19:08:54.992Z" hostname="DESKTOP-A234HEL" time="0.012">
  <properties/>
  <testcase name="testDeviceRegistryAndDiscovery" classname="com.thamis.lab.performance.PerformanceFarmTest" time="0.002"/>
  <testcase name="testApkAndEmulatorManager" classname="com.thamis.lab.performance.PerformanceFarmTest" time="0.003"/>
  <testcase name="testTelemetryCollectionAndPerformanceAnalyzer" classname="com.thamis.lab.performance.PerformanceFarmTest" time="0.005"/>
  <testcase name="testResourceSchedulerLoadBalancing" classname="com.thamis.lab.performance.PerformanceFarmTest" time="0.001"/>
  <system-out><![CDATA[[DEBUG] [AdbManager] Parsing ADB output:
List of devices attached
emulator-5554	device
emulator-5556	offline
192.168.1.100:5555	device
[INFO] [AdbManager] Discovered device: id=emulator-5554, displayName='Android Emulator (Emulator)', type=EMULATOR, state=ONLINE
[INFO] [AdbManager] Discovered device: id=emulator-5556, displayName='Android Emulator (Emulator)', type=EMULATOR, state=OFFLINE
[INFO] [AdbManager] Discovered device: id=192.168.1.100:5555, displayName='Android Device (WiFi)', type=WIFI, state=ONLINE
[INFO] [AdbManager] Total ADB devices discovered: 3
[INFO] [AdbManager] Executing targeted command: adb -s emulator-5554 install -r /tmp/app.apk
]]></system-out>
  <system-err><![CDATA[]]></system-err>
</testsuite>
