<?xml version="1.0" encoding="UTF-8"?>
<testsuite name="com.thamis.lab.simulation.WorldSimulatorTest" tests="1" skipped="0" failures="0" errors="0" timestamp="2026-08-01T19:08:55.031Z" hostname="DESKTOP-A234HEL" time="0.009">
  <properties/>
  <testcase name="testWorldSimulators" classname="com.thamis.lab.simulation.WorldSimulatorTest" time="0.009"/>
  <system-out><![CDATA[[INFO] [BluetoothWorldSimulator] Simulating Bluetooth world for Sena 50S...
[INFO] [AdvancedGpsEngine] Simulating GPX route 'City-Center'...
[INFO] [NetworkLabSimulator] Simulating network state '5G'...
[INFO] [NotificationLabSimulator] Generating notification stream...
]]></system-out>
  <system-err><![CDATA[]]></system-err>
</testsuite>
