<?xml version="1.0" encoding="UTF-8"?>
<testsuite name="com.thamis.lab.simulation.SimulationEngineTest" tests="4" skipped="0" failures="0" errors="0" timestamp="2026-08-01T19:08:55.004Z" hostname="DESKTOP-A234HEL" time="0.026">
  <properties/>
  <testcase name="testFaultInjectionEngine" classname="com.thamis.lab.simulation.SimulationEngineTest" time="0.003"/>
  <testcase name="testScenarioBuilderAndExecution" classname="com.thamis.lab.simulation.SimulationEngineTest" time="0.017"/>
  <testcase name="testEnvironmentSimulatorStateUpdates" classname="com.thamis.lab.simulation.SimulationEngineTest" time="0.0"/>
  <testcase name="testScenarioRepositoryAndHighVolume" classname="com.thamis.lab.simulation.SimulationEngineTest" time="0.005"/>
  <system-out><![CDATA[]]></system-out>
  <system-err><![CDATA[]]></system-err>
</testsuite>
