<?xml version="1.0" encoding="UTF-8"?>
<testsuite name="com.thamis.lab.simulation.ScenarioGeneratorTest" tests="2" skipped="0" failures="0" errors="0" timestamp="2026-08-01T19:08:54.898Z" hostname="DESKTOP-A234HEL" time="0.1">
  <properties/>
  <testcase name="testAutonomousScenarioGeneratorAndCoverage" classname="com.thamis.lab.simulation.ScenarioGeneratorTest" time="0.085"/>
  <testcase name="testScenarioMutator" classname="com.thamis.lab.simulation.ScenarioGeneratorTest" time="0.009"/>
  <system-out><![CDATA[]]></system-out>
  <system-err><![CDATA[]]></system-err>
</testsuite>
