<?xml version="1.0" encoding="UTF-8"?>
<testsuite name="com.thamis.lab.timemachine.TimeMachineTest" tests="2" skipped="0" failures="0" errors="0" timestamp="2026-08-01T14:22:16.265Z" hostname="DESKTOP-A234HEL" time="0.031">
  <properties/>
  <testcase name="testSnapshotRecordingAndRewind" classname="com.thamis.lab.timemachine.TimeMachineTest" time="0.026"/>
  <testcase name="testReplayDeterminism" classname="com.thamis.lab.timemachine.TimeMachineTest" time="0.002"/>
  <system-out><![CDATA[]]></system-out>
  <system-err><![CDATA[]]></system-err>
</testsuite>
