<?xml version="1.0" encoding="UTF-8"?>
<testsuite name="com.thamis.lab.intelligence.IntelligenceTest" tests="4" skipped="0" failures="0" errors="0" timestamp="2026-08-01T19:21:09.577Z" hostname="DESKTOP-A234HEL" time="0.071">
  <properties/>
  <testcase name="testAiAnalysisEngineAndQualityEngine" classname="com.thamis.lab.intelligence.IntelligenceTest" time="0.023"/>
  <testcase name="testRootCauseAndPatternRecognition" classname="com.thamis.lab.intelligence.IntelligenceTest" time="0.031"/>
  <testcase name="testIntelligenceReportGenerator" classname="com.thamis.lab.intelligence.IntelligenceTest" time="0.004"/>
  <testcase name="testRegressionDetectorAndKnowledgeGraph" classname="com.thamis.lab.intelligence.IntelligenceTest" time="0.008"/>
  <system-out><![CDATA[]]></system-out>
  <system-err><![CDATA[]]></system-err>
</testsuite>
