<?xml version="1.0" encoding="UTF-8"?>
<testsuite name="com.thamis.lab.intelligence.MasterExpansionTest" tests="3" skipped="0" failures="0" errors="0" timestamp="2026-08-01T19:21:09.651Z" hostname="DESKTOP-A234HEL" time="0.023">
  <properties/>
  <testcase name="testAiProviderConnector" classname="com.thamis.lab.intelligence.MasterExpansionTest" time="0.011"/>
  <testcase name="testPerformanceLabAndReasoning" classname="com.thamis.lab.intelligence.MasterExpansionTest" time="0.005"/>
  <testcase name="testLogPoseTrainingEngineAndKnowledgeGraph" classname="com.thamis.lab.intelligence.MasterExpansionTest" time="0.006"/>
  <system-out><![CDATA[[INFO] [AntigravityProviderConnector] Analyzing task via Google Antigravity: 'Verify 10 modules'
[INFO] [PerformanceLab] Analyzing real performance metrics on serial TKDMZPZDZ5MR8XNV...
[INFO] [AiReasoningEngine] Reasoning about issue 'Clean Architecture layer boundary' in component ':lab:orchestrator'...
[INFO] [SelfRepairEngine] Attempting autonomous repair for context 'Build failure'...
[INFO] [LogPoseTrainingEngine] Recorded execution exec-101 in Training Engine.
[INFO] [LogPoseTrainingEngine] Recorded execution exec-102 in Training Engine.
]]></system-out>
  <system-err><![CDATA[]]></system-err>
</testsuite>
