<?xml version="1.0" encoding="UTF-8"?>
<testsuite name="com.thamis.lab.orchestrator.MasterPrompts820Test" tests="1" skipped="0" failures="0" errors="0" timestamp="2026-08-01T19:21:11.467Z" hostname="DESKTOP-A234HEL" time="0.008">
  <properties/>
  <testcase name="testPhilosophyConstitutionResearchOsAndEngineeringDestinyEngine" classname="com.thamis.lab.orchestrator.MasterPrompts820Test" time="0.008"/>
  <system-out><![CDATA[[INFO] [EngineeringPhilosophyConstitution] Auditing THAMIS LAB OS Permanent Engineering Philosophy Constitution...
[INFO] [AutonomousResearchOperatingSystemCore] Verifying Autonomous Research Operating System Core status...
[INFO] [EngineeringPhilosophyConstitution] Auditing THAMIS LAB OS Permanent Engineering Philosophy Constitution...
[INFO] [ThamisEngineeringDestinyEngine] ========================================================================================
[INFO] [ThamisEngineeringDestinyEngine] [THAMIS ENGINEERING DESTINY ULTIMATE CORE START] ID: destiny-1785612071473
[INFO] [ThamisEngineeringDestinyEngine] ========================================================================================
[INFO] [AutonomousResearchOperatingSystemCore] Verifying Autonomous Research Operating System Core status...
[INFO] [EngineeringPhilosophyConstitution] Auditing THAMIS LAB OS Permanent Engineering Philosophy Constitution...
[INFO] [ThamisEngineeringDestinyEngine] [DESTINY VERIFICATION SUMMARY] THAMIS ENGINEERING DESTINY FULFILLED 100.0/100: All 820/820 Master System Prompts PASSED in service of LogPose.
]]></system-out>
  <system-err><![CDATA[]]></system-err>
</testsuite>
