<?xml version="1.0" encoding="UTF-8"?>
<testsuite name="com.thamis.lab.orchestrator.ProductionReadinessTest" tests="3" skipped="0" failures="0" errors="0" timestamp="2026-08-01T19:21:11.535Z" hostname="DESKTOP-A234HEL" time="0.017">
  <properties/>
  <testcase name="testRealWorldCampaignsExecution" classname="com.thamis.lab.orchestrator.ProductionReadinessTest" time="0.002"/>
  <testcase name="testStressTestExecution1000Scenarios" classname="com.thamis.lab.orchestrator.ProductionReadinessTest" time="0.014"/>
  <testcase name="testAppCrashAndAnrMonitoring" classname="com.thamis.lab.orchestrator.ProductionReadinessTest" time="0.001"/>
  <system-out><![CDATA[[INFO] [AdbManager] Executing targeted command: adb -s dev-real-1 install -r /tmp/logpose.apk
[INFO] [AdbManager] Executing targeted command: adb -s dev-real-1 install -r /tmp/logpose.apk
[INFO] [AdbManager] Executing targeted command: adb -s dev-stress-1 install -r /tmp/logpose.apk
]]></system-out>
  <system-err><![CDATA[]]></system-err>
</testsuite>
