<?xml version="1.0" encoding="UTF-8"?>
<testsuite name="com.thamis.lab.orchestrator.MasterPrompts160Test" tests="1" skipped="0" failures="0" errors="0" timestamp="2026-08-01T19:21:11.409Z" hostname="DESKTOP-A234HEL" time="0.005">
  <properties/>
  <testcase name="testNextGenCoreCommandCenterAndLogPoseRegression" classname="com.thamis.lab.orchestrator.MasterPrompts160Test" time="0.005"/>
  <system-out><![CDATA[[INFO] [ThamisNextGenCore] Verifying THAMIS LAB OS Next Generation platform readiness...
[INFO] [EngineeringCommandCenter] Fetching central status from Engineering Command Center...
[INFO] [ThamisNextGenCore] Verifying THAMIS LAB OS Next Generation platform readiness...
[INFO] [LogPoseRegressionEngine] Auditing LogPose version 'v2.0.4' for performance and feature regressions...
]]></system-out>
  <system-err><![CDATA[]]></system-err>
</testsuite>
