<?xml version="1.0" encoding="UTF-8"?>
<testsuite name="com.thamis.lab.orchestrator.Prompts161To220MasterTest" tests="1" skipped="0" failures="0" errors="0" timestamp="2026-08-01T19:21:11.553Z" hostname="DESKTOP-A234HEL" time="0.004">
  <properties/>
  <testcase name="testOsCoreProjectBrainAndServiceRegistry" classname="com.thamis.lab.orchestrator.Prompts161To220MasterTest" time="0.004"/>
  <system-out><![CDATA[[INFO] [ThamisOperatingSystemCore] Inspecting THAMIS LAB OS Operating System Core status...
[INFO] [ProjectBrainEngine] Querying Project Brain for global project awareness and decision intelligence...
[INFO] [ServiceRegistryEngine] Registered service 'adbService' (AdbOrchestratorEngine) v1.0.0.
]]></system-out>
  <system-err><![CDATA[]]></system-err>
</testsuite>
