<?xml version="1.0" encoding="UTF-8"?>
<testsuite name="com.thamis.lab.orchestrator.Parts5And6MasterTest" tests="2" skipped="0" failures="0" errors="0" timestamp="2026-08-01T19:21:11.520Z" hostname="DESKTOP-A234HEL" time="0.013">
  <properties/>
  <testcase name="testDeviceInventoryAdbOrchestratorFailureReproductionAndHealth" classname="com.thamis.lab.orchestrator.Parts5And6MasterTest" time="0.009"/>
  <testcase name="testExecutionQueueAndRepositoryDigitalTwin" classname="com.thamis.lab.orchestrator.Parts5And6MasterTest" time="0.003"/>
  <system-out><![CDATA[[INFO] [RealDeviceInventoryEngine] Inspecting physical device 'TKDMZPZDZ5MR8XNV' for inventory registration...
[ERROR] [RealAdbTelemetryCollector] Failed to execute shell command 'dumpsys battery' on TKDMZPZDZ5MR8XNV Cannot run program "adb": CreateProcess error=2, El sistema no puede encontrar el archivo especificado
[INFO] [RealDeviceInventoryEngine] Registered in inventory: Redmi 2409BRN2CA (TKDMZPZDZ5MR8XNV) -> USB: true, WiFi: false
[INFO] [AdbOrchestratorEngine] Orchestrating wireless ADB connection to '192.168.1.50:5555'...
[INFO] [AdbManager] Executing targeted command: adb -s 192.168.1.50:5555 connect 192.168.1.50:5555
[INFO] [FailureReproductionEngine] Constructing reproducible replay scenario for failure 'fail-101' (from scen-2)...
[INFO] [ProjectHealthEngine] Calculating Overall Project Health Report...
[INFO] [ExecutionQueueManager] Enqueued task 'task-1' (CAMPAIGN) with priority 1
[INFO] [ExecutionQueueManager] Polled task 'task-1' for execution.
[INFO] [RepositoryDigitalTwinEngine] Syncing Repository Digital Twin Graph...
]]></system-out>
  <system-err><![CDATA[]]></system-err>
</testsuite>
