<?xml version="1.0" encoding="UTF-8"?>
<testsuite name="com.thamis.lab.orchestrator.MasterPrompts120Test" tests="1" skipped="0" failures="0" errors="0" timestamp="2026-08-01T19:21:11.404Z" hostname="DESKTOP-A234HEL" time="0.004">
  <properties/>
  <testcase name="testRepositoryGuardianAndThamisEvolutionCore" classname="com.thamis.lab.orchestrator.MasterPrompts120Test" time="0.004"/>
  <system-out><![CDATA[[INFO] [RepositoryGuardianEngine] Executing Repository Guardian active monitoring scan...
[INFO] [ThamisEvolutionCore] ==================================================
[INFO] [ThamisEvolutionCore] [THAMIS EVOLUTION CORE START] Cycle ID: master-evo-1785612071406
[INFO] [ThamisEvolutionCore] ==================================================
[INFO] [RepositoryGuardianEngine] Executing Repository Guardian active monitoring scan...
[INFO] [ThamisEvolutionCore] [THAMIS EVOLUTION SUMMARY] Master Evolution Cycle master-evo-1785612071406 complete. THAMIS LAB OS 100% stable, modular, and autonomous.
]]></system-out>
  <system-err><![CDATA[]]></system-err>
</testsuite>
