<?xml version="1.0" encoding="UTF-8"?>
<testsuite name="com.thamis.lab.orchestrator.FullSystemMasterTest" tests="3" skipped="0" failures="0" errors="0" timestamp="2026-08-01T19:21:11.382Z" hostname="DESKTOP-A234HEL" time="0.02">
  <properties/>
  <testcase name="testVoiceLabAndDigitalTwin" classname="com.thamis.lab.orchestrator.FullSystemMasterTest" time="0.009"/>
  <testcase name="testBugIntelligenceKnowledgeGraphAndAnalytics" classname="com.thamis.lab.orchestrator.FullSystemMasterTest" time="0.004"/>
  <testcase name="testPluginSdkAndAutonomousLoop" classname="com.thamis.lab.orchestrator.FullSystemMasterTest" time="0.007"/>
  <system-out><![CDATA[[INFO] [AdvancedVoiceLab] Testing voice profile 'es-AR' (MALE, NORMAL, MOTORCYCLE_HELMET) for 'poné música'...
[INFO] [LogPoseDigitalTwin] Predicting execution for scenario 'scen-1' (Test Scenario)...
[INFO] [BugIntelligenceEngine] Registered bug bug-1 in Bug Intelligence Engine.
[INFO] [KnowledgeGraphEngine] Added Knowledge Graph Node: node-1 (MODULE)
[INFO] [EngineeringAnalytics] Generating Engineering KPI Dashboard...
[INFO] [PluginSdk] Plugin 'test-plugin' v1.0.0 registered: true
[INFO] [AutonomousEngineeringLoop] ==================================================
[INFO] [AutonomousEngineeringLoop] [AUTONOMOUS LOOP CYCLE START] ID: cycle-1785612071400
[INFO] [AutonomousEngineeringLoop] ==================================================
[INFO] [EngineeringAnalytics] Generating Engineering KPI Dashboard...
[INFO] [AutonomousEngineeringLoop] [CYCLE SUMMARY] Autonomous engineering loop completed successfully. 40/40 tests passed. Velocity: 98.4.
]]></system-out>
  <system-err><![CDATA[]]></system-err>
</testsuite>
