<?xml version="1.0" encoding="UTF-8"?>
<testsuite name="com.thamis.lab.orchestrator.MasterPrompts920Test" tests="1" skipped="0" failures="0" errors="0" timestamp="2026-08-01T19:21:11.482Z" hostname="DESKTOP-A234HEL" time="0.004">
  <properties/>
  <testcase name="testExcellenceConstitutionSupremeDirectiveAndIntelligenceOsCore" classname="com.thamis.lab.orchestrator.MasterPrompts920Test" time="0.004"/>
  <system-out><![CDATA[[INFO] [EngineeringExcellenceConstitution] Auditing THAMIS LAB OS Permanent Engineering Excellence Constitution...
[INFO] [ThamisSupremeEngineeringDirectiveEngine] Auditing THAMIS Supreme Engineering Directive alignment (Target: LogPose)...
[INFO] [ThamisEngineeringIntelligenceOperatingSystemCore] ========================================================================================
[INFO] [ThamisEngineeringIntelligenceOperatingSystemCore] [THAMIS ENGINEERING INTELLIGENCE OPERATING SYSTEM CORE START] ID: intel-os-1785612071484
[INFO] [ThamisEngineeringIntelligenceOperatingSystemCore] ========================================================================================
[INFO] [EngineeringExcellenceConstitution] Auditing THAMIS LAB OS Permanent Engineering Excellence Constitution...
[INFO] [ThamisSupremeEngineeringDirectiveEngine] Auditing THAMIS Supreme Engineering Directive alignment (Target: LogPose)...
[INFO] [ThamisEngineeringIntelligenceOperatingSystemCore] [INTELLIGENCE OS VERIFICATION SUMMARY] THAMIS ENGINEERING INTELLIGENCE OS VERIFIED 100.0/100: 920/920 Master System Prompts PASSED.
]]></system-out>
  <system-err><![CDATA[]]></system-err>
</testsuite>
