<?xml version="1.0" encoding="UTF-8"?>
<testsuite name="com.thamis.lab.orchestrator.MasterPrompts480Test" tests="1" skipped="0" failures="0" errors="0" timestamp="2026-08-01T19:21:11.430Z" hostname="DESKTOP-A234HEL" time="0.004">
  <properties/>
  <testcase name="testSoftwareGenomeHypervisorAndUniversalPlatformCore" classname="com.thamis.lab.orchestrator.MasterPrompts480Test" time="0.004"/>
  <system-out><![CDATA[[INFO] [SoftwareGenomeEngine] Generating immutable Software Genome report...
[INFO] [ThamisHypervisorCore] Inspecting THAMIS Hypervisor control status...
[INFO] [UniversalEngineeringPlatformCore] ========================================================================================
[INFO] [UniversalEngineeringPlatformCore] [UNIVERSAL ENGINEERING PLATFORM ULTIMATE CORE START] ID: universal-1785612071432
[INFO] [UniversalEngineeringPlatformCore] ========================================================================================
[INFO] [ThamisHypervisorCore] Inspecting THAMIS Hypervisor control status...
[INFO] [SoftwareGenomeEngine] Generating immutable Software Genome report...
[INFO] [UniversalEngineeringPlatformCore] [UNIVERSAL PLATFORM VERIFICATION SUMMARY] UNIVERSAL ENGINEERING PLATFORM VERIFIED: 480/480 Master System Prompts PASSED. Platform Quality Score: 100.0/100.
]]></system-out>
  <system-err><![CDATA[]]></system-err>
</testsuite>
