<?xml version="1.0" encoding="UTF-8"?>
<testsuite name="com.thamis.lab.orchestrator.MasterPrompts700Test" tests="1" skipped="0" failures="0" errors="0" timestamp="2026-08-01T19:21:11.454Z" hostname="DESKTOP-A234HEL" time="0.004">
  <properties/>
  <testcase name="testMetaArchitectMasterCharterAndPermanentEngineeringLoopCore" classname="com.thamis.lab.orchestrator.MasterPrompts700Test" time="0.004"/>
  <system-out><![CDATA[[INFO] [MetaEngineeringArchitectEngine] Optimizing architecture topology and layer dependencies...
[INFO] [ThamisMasterEvolutionCharterEngine] Auditing THAMIS Master Evolution Charter alignment (Target: LogPose)...
[INFO] [ThamisPermanentEngineeringLoopCore] ========================================================================================
[INFO] [ThamisPermanentEngineeringLoopCore] [THAMIS PERMANENT ENGINEERING LOOP CORE ULTIMATE START] ID: permanent-loop-1785612071456
[INFO] [ThamisPermanentEngineeringLoopCore] ========================================================================================
[INFO] [MetaEngineeringArchitectEngine] Optimizing architecture topology and layer dependencies...
[INFO] [ThamisMasterEvolutionCharterEngine] Auditing THAMIS Master Evolution Charter alignment (Target: LogPose)...
[INFO] [ThamisPermanentEngineeringLoopCore] [PERMANENT LOOP VERIFICATION SUMMARY] THAMIS PERMANENT ENGINEERING LOOP VERIFIED 100.0/100: 700/700 Master System Prompts PASSED. Zero regressions, infinite autonomous evolution.
]]></system-out>
  <system-err><![CDATA[]]></system-err>
</testsuite>
