<?xml version="1.0" encoding="UTF-8"?>
<testsuite name="com.thamis.lab.orchestrator.Part4AutonomousModeTest" tests="2" skipped="0" failures="0" errors="0" timestamp="2026-08-01T19:21:11.510Z" hostname="DESKTOP-A234HEL" time="0.009">
  <properties/>
  <testcase name="testEngineeringWorkflowAndBacklogStore" classname="com.thamis.lab.orchestrator.Part4AutonomousModeTest" time="0.007"/>
  <testcase name="testArchitectureValidatorAndDocsEngine" classname="com.thamis.lab.orchestrator.Part4AutonomousModeTest" time="0.001"/>
  <system-out><![CDATA[[INFO] [EngineeringWorkflowEngine] ==================================================
[INFO] [EngineeringWorkflowEngine] [WORKFLOW CYCLE START] Task ID: task-101
[INFO] [EngineeringWorkflowEngine] ==================================================
[INFO] [EngineeringWorkflowEngine] [WORKFLOW STAGE] OBSERVE -> PASSED
[INFO] [EngineeringWorkflowEngine] [WORKFLOW STAGE] ANALYZE -> PASSED
[INFO] [EngineeringWorkflowEngine] [WORKFLOW STAGE] PRIORITIZE -> PASSED
[INFO] [EngineeringWorkflowEngine] [WORKFLOW STAGE] PLAN -> PASSED
[INFO] [EngineeringWorkflowEngine] [WORKFLOW STAGE] DESIGN -> PASSED
[INFO] [EngineeringWorkflowEngine] [WORKFLOW STAGE] IMPLEMENT -> PASSED
[INFO] [EngineeringWorkflowEngine] [WORKFLOW STAGE] COMPILE -> PASSED
[INFO] [EngineeringWorkflowEngine] [WORKFLOW STAGE] EXECUTE_TESTS -> PASSED
[INFO] [EngineeringWorkflowEngine] [WORKFLOW STAGE] EXECUTE_SIMULATIONS -> PASSED
[INFO] [EngineeringWorkflowEngine] [WORKFLOW STAGE] COLLECT_METRICS -> PASSED
[INFO] [EngineeringWorkflowEngine] [WORKFLOW STAGE] VALIDATE -> PASSED
[INFO] [EngineeringWorkflowEngine] [WORKFLOW STAGE] REPAIR -> PASSED
[INFO] [EngineeringWorkflowEngine] [WORKFLOW STAGE] DOCUMENT -> PASSED
[INFO] [EngineeringWorkflowEngine] [WORKFLOW STAGE] ARCHIVE -> PASSED
[INFO] [EngineeringWorkflowEngine] [WORKFLOW STAGE] REPEAT -> PASSED
[INFO] [EngineeringBacklogStore] Added task 'task-101' (Enhance ADB Stream) to Backlog Store.
[INFO] [ArchitectureValidatorEngine] Auditing repository architecture compliance...
[INFO] [DocumentationEngine] Generating README for module :lab:orchestrator...
]]></system-out>
  <system-err><![CDATA[]]></system-err>
</testsuite>
