<?xml version="1.0" encoding="UTF-8"?>
<testsuite name="com.thamis.lab.orchestrator.RealWorldValidationProgramTest" tests="4" skipped="0" failures="0" errors="0" timestamp="2026-08-01T19:21:11.578Z" hostname="DESKTOP-A234HEL" time="0.148">
  <properties/>
  <testcase name="testRealHardwareTelemetryRecording" classname="com.thamis.lab.orchestrator.RealWorldValidationProgramTest" time="0.001"/>
  <testcase name="testMultiVendorDeviceMatrix" classname="com.thamis.lab.orchestrator.RealWorldValidationProgramTest" time="0.001"/>
  <testcase name="testAndroidVersionsEmulatorMatrix" classname="com.thamis.lab.orchestrator.RealWorldValidationProgramTest" time="0.002"/>
  <testcase name="testUltraHighVolumeStressTest100000Scenarios" classname="com.thamis.lab.orchestrator.RealWorldValidationProgramTest" time="0.144"/>
  <system-out><![CDATA[[INFO] [AdbManager] Executing targeted command: adb -s samsung-s23 install -r /tmp/logpose.apk
[INFO] [AdbManager] Executing targeted command: adb -s moto-g84 install -r /tmp/logpose.apk
[INFO] [AdbManager] Executing targeted command: adb -s xiaomi-13 install -r /tmp/logpose.apk
[INFO] [AdbManager] Executing targeted command: adb -s pixel-8 install -r /tmp/logpose.apk
[INFO] [AdbManager] Executing targeted command: adb -s emulator-api-8 install -r /tmp/logpose.apk
[INFO] [AdbManager] Executing targeted command: adb -s emulator-api-9 install -r /tmp/logpose.apk
[INFO] [AdbManager] Executing targeted command: adb -s emulator-api-10 install -r /tmp/logpose.apk
[INFO] [AdbManager] Executing targeted command: adb -s emulator-api-11 install -r /tmp/logpose.apk
[INFO] [AdbManager] Executing targeted command: adb -s emulator-api-12 install -r /tmp/logpose.apk
[INFO] [AdbManager] Executing targeted command: adb -s emulator-api-13 install -r /tmp/logpose.apk
[INFO] [AdbManager] Executing targeted command: adb -s emulator-api-14 install -r /tmp/logpose.apk
[INFO] [AdbManager] Executing targeted command: adb -s emulator-api-15 install -r /tmp/logpose.apk
[INFO] [AdbManager] Executing targeted command: adb -s stress-master install -r /tmp/logpose.apk
]]></system-out>
  <system-err><![CDATA[]]></system-err>
</testsuite>
