<?xml version="1.0" encoding="UTF-8"?>
<testsuite name="com.thamis.lab.orchestrator.MasterPrompts660Test" tests="1" skipped="0" failures="0" errors="0" timestamp="2026-08-01T19:21:11.447Z" hostname="DESKTOP-A234HEL" time="0.004">
  <properties/>
  <testcase name="testEntropyMetaDirectiveAndInfiniteEngineeringLoopCore" classname="com.thamis.lab.orchestrator.MasterPrompts660Test" time="0.004"/>
  <system-out><![CDATA[[INFO] [SoftwareEntropyEngine] Calculating repository and architecture entropy metrics...
[INFO] [ThamisFinalMetaDirectiveEngine] Verifying THAMIS LAB OS Final Meta Directive alignment (Target: LogPose)...
[INFO] [ThamisInfiniteEngineeringLoopCore] ========================================================================================
[INFO] [ThamisInfiniteEngineeringLoopCore] [THAMIS INFINITE ENGINEERING LOOP CORE START] ID: infinite-loop-1785612071450
[INFO] [ThamisInfiniteEngineeringLoopCore] ========================================================================================
[INFO] [SoftwareEntropyEngine] Calculating repository and architecture entropy metrics...
[INFO] [ThamisFinalMetaDirectiveEngine] Verifying THAMIS LAB OS Final Meta Directive alignment (Target: LogPose)...
[INFO] [ThamisInfiniteEngineeringLoopCore] [INFINITE LOOP VERIFICATION SUMMARY] THAMIS INFINITE ENGINEERING LOOP VERIFIED 100.0/100: 660/660 Master System Prompts PASSED. Zero entropy, infinite evolution.
]]></system-out>
  <system-err><![CDATA[]]></system-err>
</testsuite>
