<?xml version="1.0" encoding="UTF-8"?>
<testsuite name="com.thamis.lab.orchestrator.FinalPromptsTest" tests="1" skipped="0" failures="0" errors="0" timestamp="2026-08-01T19:21:11.370Z" hostname="DESKTOP-A234HEL" time="0.01">
  <properties/>
  <testcase name="testSecurityReleaseRoadmapAndOptimization" classname="com.thamis.lab.orchestrator.FinalPromptsTest" time="0.01"/>
  <system-out><![CDATA[[INFO] [SecurityAuditEngine] Executing repository security audit...
[INFO] [ReleasePipelineEngine] Preparing release 'v1.2.0' (Stage: STABLE)...
[INFO] [RoadmapEngine] Added milestone 'm1' (Master System Release) to Roadmap Engine.
[INFO] [OptimizationEngine] Benchmarking and optimizing component ':lab:orchestrator'...
]]></system-out>
  <system-err><![CDATA[]]></system-err>
</testsuite>
