<?xml version="1.0" encoding="UTF-8"?>
<testsuite name="com.thamis.lab.orchestrator.MasterPrompts860Test" tests="1" skipped="0" failures="0" errors="0" timestamp="2026-08-01T19:21:11.476Z" hostname="DESKTOP-A234HEL" time="0.004">
  <properties/>
  <testcase name="testMetaFrameworkScientificCharterAndContinuousScientificCore" classname="com.thamis.lab.orchestrator.MasterPrompts860Test" time="0.004"/>
  <system-out><![CDATA[[INFO] [MetaEngineeringFrameworkEngine] Validating Meta Engineering Framework standards...
[INFO] [ThamisScientificEvolutionCharterEngine] Auditing THAMIS Scientific Evolution Charter (Target: LogPose)...
[INFO] [ThamisContinuousScientificEngineeringCore] ========================================================================================
[INFO] [ThamisContinuousScientificEngineeringCore] [THAMIS CONTINUOUS SCIENTIFIC ENGINEERING CORE START] ID: science-1785612071478
[INFO] [ThamisContinuousScientificEngineeringCore] ========================================================================================
[INFO] [MetaEngineeringFrameworkEngine] Validating Meta Engineering Framework standards...
[INFO] [ThamisScientificEvolutionCharterEngine] Auditing THAMIS Scientific Evolution Charter (Target: LogPose)...
[INFO] [ThamisContinuousScientificEngineeringCore] [SCIENTIFIC CORE VERIFICATION SUMMARY] THAMIS CONTINUOUS SCIENTIFIC ENGINEERING VERIFIED 100.0/100: 860/860 Master Prompts PASSED.
]]></system-out>
  <system-err><![CDATA[]]></system-err>
</testsuite>
