<?xml version="1.0" encoding="UTF-8"?>
<testsuite name="com.thamis.lab.orchestrator.MasterPrompts780Test" tests="1" skipped="0" failures="0" errors="0" timestamp="2026-08-01T19:21:11.460Z" hostname="DESKTOP-A234HEL" time="0.005">
  <properties/>
  <testcase name="testSystemGenomeInfiniteCharterAndContinuousEngineeringVisionCore" classname="com.thamis.lab.orchestrator.MasterPrompts780Test" time="0.005"/>
  <system-out><![CDATA[[INFO] [SystemGenomeEngine] Encoding permanent THAMIS LAB OS System Genome...
[INFO] [ThamisInfiniteEngineeringCharterEngine] Auditing THAMIS Infinite Engineering Charter (Target: LogPose)...
[INFO] [ThamisContinuousEngineeringVisionCore] ========================================================================================
[INFO] [ThamisContinuousEngineeringVisionCore] [THAMIS CONTINUOUS ENGINEERING VISION CORE START] ID: vision-1785612071463
[INFO] [ThamisContinuousEngineeringVisionCore] ========================================================================================
[INFO] [SystemGenomeEngine] Encoding permanent THAMIS LAB OS System Genome...
[INFO] [ThamisInfiniteEngineeringCharterEngine] Auditing THAMIS Infinite Engineering Charter (Target: LogPose)...
[INFO] [ThamisContinuousEngineeringVisionCore] [CONTINUOUS VISION VERIFICATION SUMMARY] THAMIS CONTINUOUS ENGINEERING VISION VERIFIED 100.0/100: 780/780 Master Prompts PASSED. Zero regressions.
]]></system-out>
  <system-err><![CDATA[]]></system-err>
</testsuite>
