<?xml version="1.0" encoding="UTF-8"?>
<testsuite name="com.thamis.lab.orchestrator.Prompts41To50MasterTest" tests="1" skipped="0" failures="0" errors="0" timestamp="2026-08-01T19:21:11.562Z" hostname="DESKTOP-A234HEL" time="0.007">
  <properties/>
  <testcase name="testCodeReviewDependenciesArchitectureEnforcerMemoryThreadsAndEvolution" classname="com.thamis.lab.orchestrator.Prompts41To50MasterTest" time="0.007"/>
  <system-out><![CDATA[[INFO] [CodeReviewEngine] Executing massive automated code review across repository...
[INFO] [DependencyCleanerEngine] Auditing Gradle build dependencies across all 10 modules...
[INFO] [ArchitectureEnforcerEngine] Enforcing Clean Architecture boundary rules across 10 modules...
[INFO] [MemoryOptimizerEngine] Analyzing JVM heap memory and resource allocations...
[INFO] [ThreadAnalyzerEngine] Auditing active JVM threads and concurrency synchronization...
[INFO] [ProjectEvolutionEngine] ==================================================
[INFO] [ProjectEvolutionEngine] [PROJECT EVOLUTION CYCLE START] ID: evolution-1785612071567
[INFO] [ProjectEvolutionEngine] ==================================================
[INFO] [CodeReviewEngine] Executing massive automated code review across repository...
[INFO] [ArchitectureEnforcerEngine] Enforcing Clean Architecture boundary rules across 10 modules...
[INFO] [MemoryOptimizerEngine] Analyzing JVM heap memory and resource allocations...
[INFO] [ThreadAnalyzerEngine] Auditing active JVM threads and concurrency synchronization...
[INFO] [ProjectEvolutionEngine] [EVOLUTION CYCLE SUMMARY] Evolution Cycle evolution-1785612071567 completed. Repositories 100% compliant, zero memory leaks, zero deadlocks.
]]></system-out>
  <system-err><![CDATA[]]></system-err>
</testsuite>
