<?xml version="1.0" encoding="UTF-8"?>
<testsuite name="com.thamis.lab.orchestrator.Prompts221To260MasterTest" tests="1" skipped="0" failures="0" errors="0" timestamp="2026-08-01T19:21:11.558Z" hostname="DESKTOP-A234HEL" time="0.003">
  <properties/>
  <testcase name="testChaosResilienceAndThamisEvolutionPlatformCore" classname="com.thamis.lab.orchestrator.Prompts221To260MasterTest" time="0.003"/>
  <system-out><![CDATA[[INFO] [ChaosResilienceEngine] Injecting chaos fault scenarios (Worker kills, ADB disconnects, Memory pressure)...
[INFO] [ThamisEvolutionPlatformCore] ==================================================
[INFO] [ThamisEvolutionPlatformCore] [THAMIS EVOLUTION PLATFORM CORE START] ID: master-platform-1785612071558
[INFO] [ThamisEvolutionPlatformCore] ==================================================
[INFO] [EngineeringAnalytics] Generating Engineering KPI Dashboard...
[INFO] [ChaosResilienceEngine] Injecting chaos fault scenarios (Worker kills, ADB disconnects, Memory pressure)...
[INFO] [ThamisEvolutionPlatformCore] [THAMIS PLATFORM SUMMARY] THAMIS EVOLUTION PLATFORM COMPLETE: Master Score: 100.0/100, Resilience: 100.0/100. All 260 Master Prompts PASSED.
]]></system-out>
  <system-err><![CDATA[]]></system-err>
</testsuite>
