<?xml version="1.0" encoding="UTF-8"?>
<testsuite name="com.thamis.lab.orchestrator.MasterPrompts620Test" tests="1" skipped="0" failures="0" errors="0" timestamp="2026-08-01T19:21:11.441Z" hostname="DESKTOP-A234HEL" time="0.004">
  <properties/>
  <testcase name="testConstitutionAbsoluteDirectiveAndMetaOperatingSystemCore" classname="com.thamis.lab.orchestrator.MasterPrompts620Test" time="0.004"/>
  <system-out><![CDATA[[INFO] [EngineeringConstitutionEngine] Auditing THAMIS LAB OS Core Laws & Engineering Constitution...
[INFO] [ThamisAbsoluteDirectiveEngine] Verifying THAMIS LAB OS Absolute Directive alignment...
[INFO] [ThamisMetaOperatingSystemCore] ========================================================================================
[INFO] [ThamisMetaOperatingSystemCore] [THAMIS META OPERATING SYSTEM CORE START] ID: meta-os-1785612071443
[INFO] [ThamisMetaOperatingSystemCore] ========================================================================================
[INFO] [EngineeringConstitutionEngine] Auditing THAMIS LAB OS Core Laws & Engineering Constitution...
[INFO] [ThamisAbsoluteDirectiveEngine] Verifying THAMIS LAB OS Absolute Directive alignment...
[INFO] [ThamisMetaOperatingSystemCore] [META OS VERIFICATION SUMMARY] THAMIS META OPERATING SYSTEM 100.0/100: 620/620 Master Prompts PASSED. Zero architectural entropy.
]]></system-out>
  <system-err><![CDATA[]]></system-err>
</testsuite>
