<?xml version="1.0" encoding="UTF-8"?>
<testsuite name="com.thamis.lab.orchestrator.MasterPrompts560Test" tests="1" skipped="0" failures="0" errors="0" timestamp="2026-08-01T19:21:11.435Z" hostname="DESKTOP-A234HEL" time="0.004">
  <properties/>
  <testcase name="testHiveMindMetaOrchestratorAndSupremeCore" classname="com.thamis.lab.orchestrator.MasterPrompts560Test" time="0.004"/>
  <system-out><![CDATA[[INFO] [EngineeringHiveMindEngine] Querying Engineering Hive Mind specialized subagent status...
[INFO] [ThamisMetaOrchestratorEngine] Executing THAMIS Meta Orchestration synchronization cycle...
[INFO] [EngineeringHiveMindEngine] Querying Engineering Hive Mind specialized subagent status...
[INFO] [ThamisSupremeEngineeringCore] ========================================================================================
[INFO] [ThamisSupremeEngineeringCore] [THAMIS SUPREME ENGINEERING CORE ULTIMATE START] ID: supreme-1785612071437
[INFO] [ThamisSupremeEngineeringCore] ========================================================================================
[INFO] [ThamisMetaOrchestratorEngine] Executing THAMIS Meta Orchestration synchronization cycle...
[INFO] [EngineeringHiveMindEngine] Querying Engineering Hive Mind specialized subagent status...
[INFO] [ThamisSupremeEngineeringCore] [SUPREME CORE VERIFICATION SUMMARY] THAMIS SUPREME ENGINEERING CORE VERIFIED: 560/560 Master Prompts PASSED. Supreme Quality Score: 100.0/100.
]]></system-out>
  <system-err><![CDATA[]]></system-err>
</testsuite>
