<?xml version="1.0" encoding="UTF-8"?>
<testsuite name="com.thamis.lab.orchestrator.Prompts51To90MasterTest" tests="1" skipped="0" failures="0" errors="0" timestamp="2026-08-01T19:21:11.570Z" hostname="DESKTOP-A234HEL" time="0.006">
  <properties/>
  <testcase name="testCodeQualityCacheObservabilityAndContinuousEvolution" classname="com.thamis.lab.orchestrator.Prompts51To90MasterTest" time="0.006"/>
  <system-out><![CDATA[[INFO] [CodeQualityEngine] Calculating repository code quality metrics...
[INFO] [CacheEngine] Cached entry for key 'testKey'. Total entries: 1
[INFO] [ObservabilityPlatformEngine] Collecting full system observability metrics...
[INFO] [ContinuousEvolutionEngine] ==================================================
[INFO] [ContinuousEvolutionEngine] [CONTINUOUS EVOLUTION CYCLE START] ID: cont-evo-1785612071574
[INFO] [ContinuousEvolutionEngine] ==================================================
[INFO] [CodeQualityEngine] Calculating repository code quality metrics...
[INFO] [ObservabilityPlatformEngine] Collecting full system observability metrics...
[INFO] [ContinuousEvolutionEngine] [CONTINUOUS EVOLUTION SUMMARY] Continuous Evolution Cycle cont-evo-1785612071574 complete. Quality: 100.0, Observability: 100.0.
]]></system-out>
  <system-err><![CDATA[]]></system-err>
</testsuite>
