<?xml version="1.0" encoding="UTF-8"?>
<testsuite name="com.thamis.lab.orchestrator.MasterPrompts340Test" tests="1" skipped="0" failures="0" errors="0" timestamp="2026-08-01T19:21:11.415Z" hostname="DESKTOP-A234HEL" time="0.007">
  <properties/>
  <testcase name="testCommandBusTechnicalDebtOpsCenterAndPlatformKernel" classname="com.thamis.lab.orchestrator.MasterPrompts340Test" time="0.006"/>
  <system-out><![CDATA[[INFO] [EngineeringCommandBus] Dispatching Engineering Command 'cmd-1' (TestCommand)...
[INFO] [TechnicalDebtEngine] Calculating repository technical debt metrics...
[INFO] [EngineeringOperationsCenter] Inspecting Engineering Operations Center status...
[INFO] [ThamisPlatformKernel] ==================================================
[INFO] [ThamisPlatformKernel] [THAMIS PLATFORM KERNEL VERIFICATION] ID: kernel-1785612071420
[INFO] [ThamisPlatformKernel] ==================================================
[INFO] [EngineeringOperationsCenter] Inspecting Engineering Operations Center status...
[INFO] [ThamisPlatformKernel] [KERNEL VERIFICATION SUMMARY] THAMIS PLATFORM KERNEL 100.0/100: 34 subsystems synchronized, 0 technical debt. All 340 Master Prompts PASSED.
]]></system-out>
  <system-err><![CDATA[]]></system-err>
</testsuite>
