<?xml version="1.0" encoding="UTF-8"?>
<testsuite name="com.thamis.lab.orchestrator.MasterPrompts400Test" tests="1" skipped="0" failures="0" errors="0" timestamp="2026-08-01T19:21:11.424Z" hostname="DESKTOP-A234HEL" time="0.005">
  <properties/>
  <testcase name="testRepositoryDnaPrimeDirectiveAndSingularityCore" classname="com.thamis.lab.orchestrator.MasterPrompts400Test" time="0.005"/>
  <system-out><![CDATA[[INFO] [RepositoryDnaEngine] Generating immutable Repository DNA fingerprint...
[INFO] [ThamisPrimeDirectiveEngine] Auditing THAMIS LAB OS Prime Directive alignment (Target: LogPose)...
[INFO] [ThamisEngineeringSingularityCore] ========================================================================================
[INFO] [ThamisEngineeringSingularityCore] [THAMIS ENGINEERING SINGULARITY ULTIMATE CORE START] ID: singularity-1785612071427
[INFO] [ThamisEngineeringSingularityCore] ========================================================================================
[INFO] [ThamisPrimeDirectiveEngine] Auditing THAMIS LAB OS Prime Directive alignment (Target: LogPose)...
[INFO] [RepositoryDnaEngine] Generating immutable Repository DNA fingerprint...
[INFO] [ThamisEngineeringSingularityCore] [SINGULARITY VERIFICATION SUMMARY] THAMIS ENGINEERING SINGULARITY ACHIEVED: 400/400 Master Prompts PASSED. LogPose improvement score: 100.0/100.
]]></system-out>
  <system-err><![CDATA[]]></system-err>
</testsuite>
